-7.6313E-08+1.1314E-07i,-7.9792E-08+6.6673E-08i,-4.5166E-08+4.0769E-08i,-3.4744E-10+1.1320E-08i,3.4943E-08+-2.2801E-08i,8.1290E-08+-4.8461E-08i,1.4072E-07+-5.1231E-08i,1.7711E-07+-4.3996E-08i,1.9627E-07+-7.1741E-08i,
-6.8589E-08+1.1219E-07i,-7.2259E-08+6.8869E-08i,-3.8825E-08+4.4534E-08i,3.7920E-09+1.6272E-08i,3.7151E-08+-1.6361E-08i,8.1436E-08+-4.0583E-08i,1.3797E-07+-4.2961E-08i,1.7208E-07+-3.6379E-08i,1.9067E-07+-6.3639E-08i,
-4.6395E-08+1.0919E-07i,-5.0597E-08+7.4942E-08i,-2.0653E-08+5.5144E-08i,1.5578E-08+3.0339E-08i,4.3344E-08+2.0341E-09i,8.1635E-08+-1.8023E-08i,1.2976E-07+-1.9277E-08i,1.5728E-07+-1.4577E-08i,1.7417E-07+-4.0377E-08i,
-1.2553E-08+1.0367E-07i,-1.7518E-08+8.3409E-08i,6.8994E-09+7.0621E-08i,3.3184E-08+5.1248E-08i,5.2278E-08+2.9717E-08i,8.1195E-08+1.6114E-08i,1.1621E-07+1.6563E-08i,1.3355E-07+1.8386E-08i,1.4775E-07+-4.9808E-09i,
2.8584E-08+9.4989E-08i,2.2794E-08+9.2013E-08i,4.0057E-08+8.7947E-08i,5.3812E-08+7.5514E-08i,6.2053E-08+6.2587E-08i,7.9080E-08+5.7047E-08i,9.7580E-08+5.9546E-08i,1.0229E-07+5.7858E-08i,1.1295E-07+3.7886E-08i,
7.1611E-08+8.2405E-08i,6.5139E-08+9.8030E-08i,7.4149E-08+1.0344E-07i,7.4019E-08+9.8861E-08i,7.0362E-08+9.5590E-08i,7.4075E-08+9.8870E-08i,7.4259E-08+1.0347E-07i,6.5284E-08+9.8089E-08i,7.1792E-08+8.2441E-08i,
1.1068E-07+6.5266E-08i,1.0388E-07+9.8629E-08i,1.0414E-07+1.1321E-07i,9.0136E-08+1.1674E-07i,7.4782E-08+1.2331E-07i,6.4977E-08+1.3523E-07i,4.6834E-08+1.4169E-07i,2.4673E-08+1.3290E-07i,2.6668E-08+1.2244E-07i,
1.4016E-07+4.3175E-08i,1.3360E-07+9.1282E-08i,1.2523E-07+1.1370E-07i,9.8719E-08+1.2492E-07i,7.3108E-08+1.4063E-07i,5.0808E-08+1.6007E-07i,1.6119E-08+1.6783E-07i,-1.7216E-08+1.5641E-07i,-1.9816E-08+1.5189E-07i,
1.5530E-07+1.6137E-08i,1.4966E-07+7.4143E-08i,1.3342E-07+1.0216E-07i,9.6992E-08+1.2001E-07i,6.3663E-08+1.4334E-07i,3.1019E-08+1.6839E-07i,-1.6823E-08+1.7664E-07i,-5.7991E-08+1.6375E-07i,-6.4988E-08+1.6575E-07i,
1.5277E-07+-1.5317E-08i,1.4884E-07+4.6372E-08i,1.2599E-07+7.7063E-08i,8.3223E-08+9.9945E-08i,4.5564E-08+1.2873E-07i,5.6442E-09+1.5681E-07i,-5.0674E-08+1.6460E-07i,-9.5336E-08+1.5169E-07i,-1.0627E-07+1.6055E-07i,
1.3112E-07+-5.0068E-08i,1.2965E-07+8.3563E-09i,1.0192E-07+3.8398E-08i,5.6999E-08+6.4344E-08i,1.8910E-08+9.5962E-08i,-2.4595E-08+1.2413E-07i,-8.3887E-08+1.3043E-07i,-1.2715E-07+1.1907E-07i,-1.4133E-07+1.3484E-07i,
9.0994E-08+-8.6408E-08i,9.2639E-08+-3.8199E-08i,6.2024E-08+-1.2172E-08i,1.9366E-08+1.4658E-08i,-1.5137E-08+4.6268E-08i,-5.8261E-08+7.1516E-08i,-1.1474E-07+7.5335E-08i,-1.5166E-07+6.7068E-08i,-1.6820E-07+8.9432E-08i,
3.5158E-08+-1.2212E-07i,4.0376E-08+-9.0325E-08i,9.0181E-09+-7.1375E-08i,-2.7193E-08+-4.5852E-08i,-5.4385E-08+-1.7034E-08i,-9.3259E-08+2.5084E-09i,-1.4141E-07+3.0404E-09i,-1.6752E-07+-8.1455E-10i,-1.8544E-07+2.7440E-08i,
-3.1705E-08+-1.5460E-07i,-2.2741E-08+-1.4399E-07i,-5.2726E-08+-1.3455E-07i,-7.8931E-08+-1.1235E-07i,-9.5764E-08+-8.8795E-08i,-1.2698E-07+-7.7219E-08i,-1.6211E-07+-8.0513E-08i,-1.7390E-07+-7.9009E-08i,-1.9212E-07+-4.5971E-08i,
-1.0342E-07+-1.8110E-07i,-9.0864E-08+-1.9445E-07i,-1.1754E-07+-1.9604E-07i,-1.3116E-07+-1.7882E-07i,-1.3558E-07+-1.6248E-07i,-1.5649E-07+-1.6037E-07i,-1.7518E-07+-1.6768E-07i,-1.7051E-07+-1.6036E-07i,-1.8797E-07+-1.2404E-07i,
-1.7288E-07+-1.9894E-07i,-1.5726E-07+-2.3667E-07i,-1.7901E-07+-2.4972E-07i,-1.7870E-07+-2.3867E-07i,-1.6987E-07+-2.3077E-07i,-1.7883E-07+-2.3869E-07i,-1.7928E-07+-2.4981E-07i,-1.5761E-07+-2.3681E-07i,-1.7332E-07+-1.9903E-07i,
-2.3280E-07+-2.0579E-07i,-2.1497E-07+-2.6580E-07i,-2.3059E-07+-2.8960E-07i,-2.1636E-07+-2.8533E-07i,-1.9477E-07+-2.8632E-07i,-1.9130E-07+-3.0383E-07i,-1.7347E-07+-3.1814E-07i,-1.3600E-07+-3.0017E-07i,-1.4909E-07+-2.6303E-07i,
-2.7638E-07+-1.9992E-07i,-2.5750E-07+-2.7775E-07i,-2.6627E-07+-3.1045E-07i,-2.3951E-07+-3.1297E-07i,-2.0694E-07+-3.2245E-07i,-1.9171E-07+-3.4814E-07i,-1.5737E-07+-3.6465E-07i,-1.0696E-07+-3.4299E-07i,-1.1674E-07+-3.0870E-07i,
-2.9808E-07+-1.8044E-07i,-2.7954E-07+-2.6960E-07i,-2.8126E-07+-3.0840E-07i,-2.4457E-07+-3.1712E-07i,-2.0395E-07+-3.3393E-07i,-1.7871E-07+-3.6552E-07i,-1.3124E-07+-3.8296E-07i,-7.2176E-08+-3.5933E-07i,-7.8154E-08+-3.3013E-07i,
-2.9423E-07+-1.4746E-07i,-2.7751E-07+-2.4002E-07i,-2.7246E-07+-2.8139E-07i,-2.2944E-07+-2.9523E-07i,-1.8455E-07+-3.1756E-07i,-1.5197E-07+-3.5212E-07i,-9.6015E-08+-3.6901E-07i,-3.3626E-08+-3.4545E-07i,-3.5547E-08+-3.2341E-07i,
-2.6344E-07+-1.0220E-07i,-2.5001E-07+-1.8949E-07i,-2.3893E-07+-2.2952E-07i,-1.9377E-07+-2.4702E-07i,-1.4892E-07+-2.7259E-07i,-1.1228E-07+-3.0682E-07i,-5.3325E-08+-3.2162E-07i,6.5182E-09+-3.0032E-07i,8.6717E-09+-2.8717E-07i,
-2.0686E-07+-4.6926E-08i,-1.9804E-07+-1.2042E-07i,-1.8200E-07+-1.5519E-07i,-1.3913E-07+-1.7462E-07i,-9.8710E-08+-2.0094E-07i,-6.1595E-08+-2.3149E-07i,-5.4157E-09+-2.4276E-07i,4.6024E-08+-2.2578E-07i,5.2042E-08+-2.2282E-07i,
-1.2817E-07+1.5081E-08i,-1.2498E-07+-3.7006E-08i,-1.0533E-07+-6.2979E-08i,-6.8951E-08+-8.2557E-08i,-3.7007E-08+-1.0713E-07i,-2.9571E-09+-1.3093E-07i,4.4955E-08+-1.3744E-07i,8.2723E-08+-1.2659E-07i,9.2185E-08+-1.3452E-07i,
-3.3316E-08+7.9779E-08i,-3.6405E-08+5.4985E-08i,-1.4600E-08+4.0630E-08i,1.1723E-08+2.2584E-08i,3.1876E-08+2.0009E-09i,5.9717E-08+-1.2553E-08i,9.4680E-08+-1.3440E-08i,1.1462E-07+-1.0054E-08i,1.2693E-07+-2.8884E-08i,
6.9982E-08+1.4263E-07i,6.0451E-08+1.4869E-07i,8.2923E-08+1.4774E-07i,9.6603E-08+1.3267E-07i,1.0273E-07+1.1785E-07i,1.2190E-07+1.1420E-07i,1.4051E-07+1.1937E-07i,1.4003E-07+1.1456E-07i,1.5445E-07+8.5545E-08i,
1.7288E-07+1.9894E-07i,1.5726E-07+2.3667E-07i,1.7901E-07+2.4972E-07i,1.7870E-07+2.3867E-07i,1.6987E-07+2.3078E-07i,1.7883E-07+2.3869E-07i,1.7928E-07+2.4981E-07i,1.5761E-07+2.3681E-07i,1.7332E-07+1.9903E-07i,
2.6623E-07+2.4426E-07i,2.4538E-07+3.1157E-07i,2.6521E-07+3.3789E-07i,2.5092E-07+3.3149E-07i,2.2762E-07+3.3095E-07i,2.2588E-07+3.4999E-07i,2.0814E-07+3.6645E-07i,1.6648E-07+3.4597E-07i,1.8261E-07+3.0152E-07i,
3.4140E-07+2.7474E-07i,3.1664E-07+3.6676E-07i,3.3360E-07+4.0437E-07i,3.0672E-07+4.0273E-07i,2.7083E-07+4.0924E-07i,2.5897E-07+4.3791E-07i,2.2479E-07+4.5861E-07i,1.6624E-07+4.3205E-07i,1.8193E-07+3.8356E-07i,
3.9110E-07+2.8747E-07i,3.6415E-07+3.9693E-07i,3.7757E-07+4.4275E-07i,3.4072E-07+4.4553E-07i,2.9535E-07+4.5809E-07i,2.7493E-07+4.9394E-07i,2.2769E-07+5.1736E-07i,1.5697E-07+4.8674E-07i,1.7140E-07+4.3721E-07i,
4.1010E-07+2.8080E-07i,3.8291E-07+3.9863E-07i,3.9244E-07+4.4875E-07i,3.4920E-07+4.5519E-07i,2.9840E-07+4.7223E-07i,2.7183E-07+5.1209E-07i,2.1617E-07+5.3643E-07i,1.3926E-07+5.0417E-07i,1.5171E-07+4.5680E-07i,
3.9576E-07+2.5446E-07i,3.7037E-07+3.7063E-07i,3.7594E-07+4.2065E-07i,3.3054E-07+4.2969E-07i,2.7893E-07+4.4922E-07i,2.4915E-07+4.8951E-07i,1.9054E-07+5.1282E-07i,1.1411E-07+4.8156E-07i,1.2398E-07+4.3950E-07i,
3.4832E-07+2.0971E-07i,3.2671E-07+3.1406E-07i,3.2847E-07+3.5952E-07i,2.8535E-07+3.6991E-07i,2.3770E-07+3.8976E-07i,2.0792E-07+4.2680E-07i,1.5210E-07+4.4716E-07i,8.2937E-08+4.1954E-07i,8.9774E-08+3.8568E-07i,
2.7095E-07+1.4922E-07i,2.5486E-07+2.3246E-07i,2.5317E-07+2.6921E-07i,2.1653E-07+2.7967E-07i,1.7730E-07+2.9772E-07i,1.5065E-07+3.2806E-07i,1.0310E-07+3.4376E-07i,4.7444E-08+3.2217E-07i,5.0957E-08+2.9890E-07i,
1.6953E-07+7.6964E-08i,1.6031E-07+1.3148E-07i,1.5564E-07+1.5612E-07i,1.2907E-07+1.6546E-07i,1.0196E-07+1.7982E-07i,8.1183E-08+2.0062E-07i,4.6568E-08+2.1026E-07i,9.5535E-09+1.9663E-07i,9.6219E-09+1.8570E-07i,
5.2134E-08+-2.1053E-09i,5.0629E-08+1.8483E-08i,4.3521E-08+2.8644E-08i,2.9620E-08+3.5919E-08i,1.7256E-08+4.5159E-08i,4.4152E-09+5.4396E-08i,-1.3877E-08+5.7088E-08i,-2.8702E-08+5.2705E-08i,-3.2027E-08+5.5040E-08i,
-7.1611E-08+-8.2405E-08i,-6.5140E-08+-9.8030E-08i,-7.4149E-08+-1.0344E-07i,-7.4019E-08+-9.8861E-08i,-7.0362E-08+-9.5590E-08i,-7.4075E-08+-9.8870E-08i,-7.4259E-08+-1.0348E-07i,-6.5285E-08+-9.8090E-08i,-7.1792E-08+-8.2442E-08i,
-1.9140E-07+-1.5815E-07i,-1.7731E-07+-2.0913E-07i,-1.8772E-07+-2.2980E-07i,-1.7357E-07+-2.2818E-07i,-1.5409E-07+-2.3106E-07i,-1.4847E-07+-2.4667E-07i,-1.3054E-07+-2.5832E-07i,-9.8260E-08+-2.4346E-07i,-1.0759E-07+-2.1537E-07i,
-2.9714E-07+-2.2381E-07i,-2.7639E-07+-3.0617E-07i,-2.8777E-07+-3.4044E-07i,-2.6097E-07+-3.4163E-07i,-2.2735E-07+-3.5017E-07i,-2.1319E-07+-3.7680E-07i,-1.7890E-07+-3.9465E-07i,-1.2589E-07+-3.7143E-07i,-1.3756E-07+-3.3261E-07i,
-3.7986E-07+-2.7454E-07i,-3.5393E-07+-3.8155E-07i,-3.6594E-07+-4.2652E-07i,-3.2910E-07+-4.3002E-07i,-2.8430E-07+-4.4309E-07i,-2.6331E-07+-4.7842E-07i,-2.1604E-07+-5.0112E-07i,-1.4673E-07+-4.7134E-07i,-1.6014E-07+-4.2428E-07i,
-4.3251E-07+-3.0658E-07i,-4.0329E-07+-4.2930E-07i,-4.1564E-07+-4.8112E-07i,-3.7236E-07+-4.8612E-07i,-3.2042E-07+-5.0214E-07i,-2.9500E-07+-5.4303E-07i,-2.3940E-07+-5.6881E-07i,-1.5968E-07+-5.3486E-07i,-1.7417E-07+-4.8259E-07i,
-4.5057E-07+-3.1753E-07i,-4.2023E-07+-4.4566E-07i,-4.3269E-07+-4.9982E-07i,-3.8719E-07+-5.0535E-07i,-3.3279E-07+-5.2238E-07i,-3.0585E-07+-5.6518E-07i,-2.4737E-07+-5.9202E-07i,-1.6408E-07+-5.5664E-07i,-1.7893E-07+-5.0260E-07i,
-4.3251E-07+-3.0658E-07i,-4.0329E-07+-4.2930E-07i,-4.1564E-07+-4.8112E-07i,-3.7236E-07+-4.8612E-07i,-3.2042E-07+-5.0214E-07i,-2.9500E-07+-5.4303E-07i,-2.3940E-07+-5.6880E-07i,-1.5968E-07+-5.3485E-07i,-1.7417E-07+-4.8259E-07i,
-3.7986E-07+-2.7454E-07i,-3.5393E-07+-3.8155E-07i,-3.6594E-07+-4.2652E-07i,-3.2910E-07+-4.3002E-07i,-2.8430E-07+-4.4309E-07i,-2.6331E-07+-4.7842E-07i,-2.1604E-07+-5.0112E-07i,-1.4673E-07+-4.7134E-07i,-1.6014E-07+-4.2427E-07i,
-2.9714E-07+-2.2381E-07i,-2.7639E-07+-3.0617E-07i,-2.8777E-07+-3.4044E-07i,-2.6097E-07+-3.4163E-07i,-2.2735E-07+-3.5017E-07i,-2.1319E-07+-3.7680E-07i,-1.7890E-07+-3.9465E-07i,-1.2589E-07+-3.7143E-07i,-1.3756E-07+-3.3261E-07i,
-1.9140E-07+-1.5815E-07i,-1.7731E-07+-2.0913E-07i,-1.8772E-07+-2.2980E-07i,-1.7357E-07+-2.2818E-07i,-1.5409E-07+-2.3106E-07i,-1.4847E-07+-2.4667E-07i,-1.3054E-07+-2.5832E-07i,-9.8260E-08+-2.4346E-07i,-1.0759E-07+-2.1537E-07i,
-7.1611E-08+-8.2404E-08i,-6.5139E-08+-9.8030E-08i,-7.4149E-08+-1.0344E-07i,-7.4019E-08+-9.8861E-08i,-7.0362E-08+-9.5590E-08i,-7.4075E-08+-9.8870E-08i,-7.4259E-08+-1.0347E-07i,-6.5284E-08+-9.8089E-08i,-7.1792E-08+-8.2441E-08i,
5.2135E-08+-2.1050E-09i,5.0630E-08+1.8484E-08i,4.3522E-08+2.8644E-08i,2.9620E-08+3.5920E-08i,1.7257E-08+4.5160E-08i,4.4155E-09+5.4397E-08i,-1.3877E-08+5.7089E-08i,-2.8701E-08+5.2706E-08i,-3.2027E-08+5.5040E-08i,
1.6953E-07+7.6965E-08i,1.6031E-07+1.3148E-07i,1.5564E-07+1.5612E-07i,1.2907E-07+1.6546E-07i,1.0196E-07+1.7982E-07i,8.1183E-08+2.0062E-07i,4.6569E-08+2.1026E-07i,9.5536E-09+1.9663E-07i,9.6221E-09+1.8570E-07i,
2.7095E-07+1.4922E-07i,2.5486E-07+2.3246E-07i,2.5317E-07+2.6921E-07i,2.1653E-07+2.7967E-07i,1.7730E-07+2.9772E-07i,1.5065E-07+3.2806E-07i,1.0311E-07+3.4376E-07i,4.7444E-08+3.2217E-07i,5.0957E-08+2.9890E-07i,
3.4832E-07+2.0971E-07i,3.2671E-07+3.1406E-07i,3.2847E-07+3.5952E-07i,2.8535E-07+3.6991E-07i,2.3770E-07+3.8976E-07i,2.0792E-07+4.2680E-07i,1.5210E-07+4.4716E-07i,8.2937E-08+4.1954E-07i,8.9774E-08+3.8568E-07i,
3.9576E-07+2.5446E-07i,3.7037E-07+3.7063E-07i,3.7594E-07+4.2065E-07i,3.3054E-07+4.2969E-07i,2.7893E-07+4.4922E-07i,2.4915E-07+4.8951E-07i,1.9054E-07+5.1282E-07i,1.1411E-07+4.8156E-07i,1.2398E-07+4.3950E-07i,
4.1010E-07+2.8080E-07i,3.8291E-07+3.9863E-07i,3.9244E-07+4.4875E-07i,3.4920E-07+4.5519E-07i,2.9840E-07+4.7223E-07i,2.7183E-07+5.1209E-07i,2.1617E-07+5.3643E-07i,1.3926E-07+5.0417E-07i,1.5171E-07+4.5680E-07i,
3.9110E-07+2.8747E-07i,3.6415E-07+3.9693E-07i,3.7757E-07+4.4275E-07i,3.4072E-07+4.4553E-07i,2.9535E-07+4.5809E-07i,2.7493E-07+4.9394E-07i,2.2769E-07+5.1736E-07i,1.5697E-07+4.8674E-07i,1.7140E-07+4.3721E-07i,
3.4140E-07+2.7474E-07i,3.1664E-07+3.6676E-07i,3.3360E-07+4.0437E-07i,3.0672E-07+4.0273E-07i,2.7083E-07+4.0924E-07i,2.5897E-07+4.3791E-07i,2.2479E-07+4.5861E-07i,1.6624E-07+4.3205E-07i,1.8193E-07+3.8356E-07i,
2.6623E-07+2.4426E-07i,2.4538E-07+3.1157E-07i,2.6521E-07+3.3789E-07i,2.5092E-07+3.3149E-07i,2.2762E-07+3.3095E-07i,2.2588E-07+3.4999E-07i,2.0814E-07+3.6645E-07i,1.6648E-07+3.4597E-07i,1.8261E-07+3.0152E-07i,
1.7288E-07+1.9894E-07i,1.5726E-07+2.3666E-07i,1.7901E-07+2.4972E-07i,1.7870E-07+2.3867E-07i,1.6987E-07+2.3077E-07i,1.7883E-07+2.3869E-07i,1.7928E-07+2.4981E-07i,1.5761E-07+2.3681E-07i,1.7332E-07+1.9903E-07i,
6.9982E-08+1.4263E-07i,6.0451E-08+1.4869E-07i,8.2923E-08+1.4774E-07i,9.6603E-08+1.3267E-07i,1.0273E-07+1.1785E-07i,1.2190E-07+1.1420E-07i,1.4051E-07+1.1936E-07i,1.4003E-07+1.1456E-07i,1.5445E-07+8.5545E-08i,
-3.3317E-08+7.9778E-08i,-3.6405E-08+5.4985E-08i,-1.4600E-08+4.0630E-08i,1.1723E-08+2.2584E-08i,3.1876E-08+2.0006E-09i,5.9717E-08+-1.2554E-08i,9.4680E-08+-1.3440E-08i,1.1462E-07+-1.0055E-08i,1.2693E-07+-2.8885E-08i,
-1.2817E-07+1.5081E-08i,-1.2499E-07+-3.7006E-08i,-1.0533E-07+-6.2979E-08i,-6.8951E-08+-8.2558E-08i,-3.7008E-08+-1.0713E-07i,-2.9574E-09+-1.3093E-07i,4.4955E-08+-1.3744E-07i,8.2722E-08+-1.2659E-07i,9.2185E-08+-1.3452E-07i,
-2.0686E-07+-4.6926E-08i,-1.9804E-07+-1.2042E-07i,-1.8200E-07+-1.5519E-07i,-1.3913E-07+-1.7462E-07i,-9.8711E-08+-2.0094E-07i,-6.1596E-08+-2.3149E-07i,-5.4159E-09+-2.4276E-07i,4.6024E-08+-2.2578E-07i,5.2042E-08+-2.2282E-07i,
-2.6344E-07+-1.0220E-07i,-2.5001E-07+-1.8949E-07i,-2.3893E-07+-2.2952E-07i,-1.9377E-07+-2.4702E-07i,-1.4892E-07+-2.7259E-07i,-1.1228E-07+-3.0682E-07i,-5.3325E-08+-3.2162E-07i,6.5181E-09+-3.0032E-07i,8.6715E-09+-2.8717E-07i,
-2.9423E-07+-1.4746E-07i,-2.7751E-07+-2.4002E-07i,-2.7246E-07+-2.8139E-07i,-2.2944E-07+-2.9523E-07i,-1.8455E-07+-3.1756E-07i,-1.5197E-07+-3.5212E-07i,-9.6015E-08+-3.6900E-07i,-3.3626E-08+-3.4545E-07i,-3.5548E-08+-3.2341E-07i,
-2.9808E-07+-1.8044E-07i,-2.7954E-07+-2.6960E-07i,-2.8126E-07+-3.0840E-07i,-2.4457E-07+-3.1712E-07i,-2.0395E-07+-3.3393E-07i,-1.7871E-07+-3.6552E-07i,-1.3124E-07+-3.8296E-07i,-7.2176E-08+-3.5933E-07i,-7.8154E-08+-3.3013E-07i,
-2.7638E-07+-1.9992E-07i,-2.5750E-07+-2.7775E-07i,-2.6627E-07+-3.1045E-07i,-2.3951E-07+-3.1297E-07i,-2.0694E-07+-3.2245E-07i,-1.9171E-07+-3.4814E-07i,-1.5737E-07+-3.6465E-07i,-1.0696E-07+-3.4299E-07i,-1.1674E-07+-3.0870E-07i,
-2.3280E-07+-2.0579E-07i,-2.1497E-07+-2.6580E-07i,-2.3059E-07+-2.8960E-07i,-2.1636E-07+-2.8533E-07i,-1.9477E-07+-2.8632E-07i,-1.9130E-07+-3.0383E-07i,-1.7347E-07+-3.1814E-07i,-1.3600E-07+-3.0017E-07i,-1.4909E-07+-2.6303E-07i,
-1.7288E-07+-1.9894E-07i,-1.5726E-07+-2.3667E-07i,-1.7901E-07+-2.4972E-07i,-1.7870E-07+-2.3867E-07i,-1.6987E-07+-2.3077E-07i,-1.7883E-07+-2.3869E-07i,-1.7928E-07+-2.4981E-07i,-1.5761E-07+-2.3681E-07i,-1.7332E-07+-1.9903E-07i,
-1.0342E-07+-1.8110E-07i,-9.0864E-08+-1.9445E-07i,-1.1754E-07+-1.9604E-07i,-1.3116E-07+-1.7882E-07i,-1.3558E-07+-1.6248E-07i,-1.5649E-07+-1.6037E-07i,-1.7518E-07+-1.6768E-07i,-1.7051E-07+-1.6036E-07i,-1.8797E-07+-1.2404E-07i,
-3.1705E-08+-1.5460E-07i,-2.2740E-08+-1.4399E-07i,-5.2726E-08+-1.3455E-07i,-7.8931E-08+-1.1235E-07i,-9.5763E-08+-8.8795E-08i,-1.2698E-07+-7.7218E-08i,-1.6211E-07+-8.0513E-08i,-1.7390E-07+-7.9009E-08i,-1.9212E-07+-4.5970E-08i,
3.5159E-08+-1.2212E-07i,4.0376E-08+-9.0324E-08i,9.0185E-09+-7.1374E-08i,-2.7192E-08+-4.5852E-08i,-5.4385E-08+-1.7033E-08i,-9.3259E-08+2.5090E-09i,-1.4141E-07+3.0409E-09i,-1.6752E-07+-8.1399E-10i,-1.8544E-07+2.7441E-08i,
9.0994E-08+-8.6408E-08i,9.2639E-08+-3.8198E-08i,6.2024E-08+-1.2172E-08i,1.9366E-08+1.4658E-08i,-1.5137E-08+4.6268E-08i,-5.8261E-08+7.1516E-08i,-1.1474E-07+7.5335E-08i,-1.5166E-07+6.7069E-08i,-1.6820E-07+8.9432E-08i,
1.3112E-07+-5.0067E-08i,1.2965E-07+8.3566E-09i,1.0192E-07+3.8399E-08i,5.6999E-08+6.4345E-08i,1.8910E-08+9.5962E-08i,-2.4595E-08+1.2413E-07i,-8.3887E-08+1.3043E-07i,-1.2715E-07+1.1907E-07i,-1.4133E-07+1.3484E-07i,
1.5277E-07+-1.5317E-08i,1.4883E-07+4.6372E-08i,1.2599E-07+7.7063E-08i,8.3223E-08+9.9945E-08i,4.5564E-08+1.2873E-07i,5.6443E-09+1.5681E-07i,-5.0674E-08+1.6460E-07i,-9.5336E-08+1.5169E-07i,-1.0627E-07+1.6055E-07i,
1.5530E-07+1.6137E-08i,1.4966E-07+7.4143E-08i,1.3342E-07+1.0216E-07i,9.6992E-08+1.2001E-07i,6.3663E-08+1.4334E-07i,3.1020E-08+1.6839E-07i,-1.6823E-08+1.7664E-07i,-5.7990E-08+1.6375E-07i,-6.4987E-08+1.6575E-07i,
1.4016E-07+4.3175E-08i,1.3360E-07+9.1282E-08i,1.2523E-07+1.1370E-07i,9.8719E-08+1.2492E-07i,7.3108E-08+1.4063E-07i,5.0809E-08+1.6007E-07i,1.6119E-08+1.6783E-07i,-1.7216E-08+1.5641E-07i,-1.9816E-08+1.5189E-07i,
1.1068E-07+6.5266E-08i,1.0388E-07+9.8629E-08i,1.0414E-07+1.1321E-07i,9.0136E-08+1.1674E-07i,7.4782E-08+1.2331E-07i,6.4977E-08+1.3523E-07i,4.6834E-08+1.4169E-07i,2.4673E-08+1.3290E-07i,2.6668E-08+1.2244E-07i,
7.1611E-08+8.2405E-08i,6.5139E-08+9.8030E-08i,7.4149E-08+1.0344E-07i,7.4019E-08+9.8861E-08i,7.0362E-08+9.5590E-08i,7.4075E-08+9.8870E-08i,7.4259E-08+1.0347E-07i,6.5285E-08+9.8089E-08i,7.1792E-08+8.2441E-08i,
2.8583E-08+9.4990E-08i,2.2794E-08+9.2014E-08i,4.0057E-08+8.7947E-08i,5.3812E-08+7.5514E-08i,6.2053E-08+6.2587E-08i,7.9080E-08+5.7047E-08i,9.7580E-08+5.9546E-08i,1.0229E-07+5.7858E-08i,1.1295E-07+3.7885E-08i,
-1.2553E-08+1.0367E-07i,-1.7518E-08+8.3409E-08i,6.8994E-09+7.0621E-08i,3.3184E-08+5.1248E-08i,5.2278E-08+2.9717E-08i,8.1195E-08+1.6114E-08i,1.1621E-07+1.6562E-08i,1.3355E-07+1.8386E-08i,1.4775E-07+-4.9809E-09i,
-4.6396E-08+1.0919E-07i,-5.0598E-08+7.4942E-08i,-2.0654E-08+5.5144E-08i,1.5577E-08+3.0339E-08i,4.3344E-08+2.0338E-09i,8.1635E-08+-1.8023E-08i,1.2976E-07+-1.9278E-08i,1.5728E-07+-1.4578E-08i,1.7417E-07+-4.0377E-08i,
-6.8589E-08+1.1219E-07i,-7.2259E-08+6.8869E-08i,-3.8825E-08+4.4534E-08i,3.7920E-09+1.6272E-08i,3.7151E-08+-1.6361E-08i,8.1436E-08+-4.0583E-08i,1.3797E-07+-4.2961E-08i,1.7208E-07+-3.6379E-08i,1.9067E-07+-6.3639E-08i,
-7.6313E-08+1.1314E-07i,-7.9792E-08+6.6673E-08i,-4.5166E-08+4.0769E-08i,-3.4744E-10+1.1320E-08i,3.4943E-08+-2.2801E-08i,8.1290E-08+-4.8461E-08i,1.4072E-07+-5.1231E-08i,1.7711E-07+-4.3996E-08i,1.9627E-07+-7.1741E-08i,
-6.8589E-08+1.1219E-07i,-7.2259E-08+6.8869E-08i,-3.8825E-08+4.4534E-08i,3.7922E-09+1.6273E-08i,3.7151E-08+-1.6361E-08i,8.1437E-08+-4.0582E-08i,1.3797E-07+-4.2961E-08i,1.7208E-07+-3.6379E-08i,1.9067E-07+-6.3638E-08i,
-4.6395E-08+1.0919E-07i,-5.0597E-08+7.4942E-08i,-2.0653E-08+5.5144E-08i,1.5578E-08+3.0339E-08i,4.3344E-08+2.0341E-09i,8.1635E-08+-1.8023E-08i,1.2976E-07+-1.9277E-08i,1.5728E-07+-1.4577E-08i,1.7417E-07+-4.0377E-08i,
-1.2553E-08+1.0367E-07i,-1.7518E-08+8.3408E-08i,6.8995E-09+7.0621E-08i,3.3184E-08+5.1248E-08i,5.2278E-08+2.9717E-08i,8.1195E-08+1.6114E-08i,1.1621E-07+1.6563E-08i,1.3355E-07+1.8386E-08i,1.4775E-07+-4.9808E-09i,
2.8584E-08+9.4989E-08i,2.2794E-08+9.2013E-08i,4.0057E-08+8.7947E-08i,5.3812E-08+7.5514E-08i,6.2053E-08+6.2587E-08i,7.9080E-08+5.7047E-08i,9.7580E-08+5.9546E-08i,1.0229E-07+5.7858E-08i,1.1295E-07+3.7886E-08i,
7.1611E-08+8.2405E-08i,6.5140E-08+9.8030E-08i,7.4149E-08+1.0344E-07i,7.4019E-08+9.8861E-08i,7.0362E-08+9.5590E-08i,7.4075E-08+9.8870E-08i,7.4259E-08+1.0348E-07i,6.5284E-08+9.8090E-08i,7.1792E-08+8.2442E-08i,
1.1068E-07+6.5266E-08i,1.0389E-07+9.8629E-08i,1.0414E-07+1.1321E-07i,9.0136E-08+1.1674E-07i,7.4782E-08+1.2331E-07i,6.4977E-08+1.3523E-07i,4.6834E-08+1.4169E-07i,2.4673E-08+1.3290E-07i,2.6668E-08+1.2244E-07i,
1.4016E-07+4.3175E-08i,1.3360E-07+9.1282E-08i,1.2523E-07+1.1370E-07i,9.8719E-08+1.2492E-07i,7.3108E-08+1.4063E-07i,5.0808E-08+1.6007E-07i,1.6119E-08+1.6783E-07i,-1.7216E-08+1.5641E-07i,-1.9816E-08+1.5189E-07i,
1.5530E-07+1.6137E-08i,1.4966E-07+7.4143E-08i,1.3342E-07+1.0216E-07i,9.6992E-08+1.2001E-07i,6.3663E-08+1.4334E-07i,3.1019E-08+1.6839E-07i,-1.6823E-08+1.7664E-07i,-5.7991E-08+1.6375E-07i,-6.4988E-08+1.6575E-07i,
1.5277E-07+-1.5317E-08i,1.4884E-07+4.6372E-08i,1.2599E-07+7.7063E-08i,8.3223E-08+9.9945E-08i,4.5564E-08+1.2873E-07i,5.6442E-09+1.5681E-07i,-5.0674E-08+1.6460E-07i,-9.5336E-08+1.5169E-07i,-1.0627E-07+1.6055E-07i,
1.3112E-07+-5.0068E-08i,1.2965E-07+8.3563E-09i,1.0192E-07+3.8398E-08i,5.6999E-08+6.4344E-08i,1.8910E-08+9.5962E-08i,-2.4595E-08+1.2413E-07i,-8.3887E-08+1.3043E-07i,-1.2715E-07+1.1907E-07i,-1.4133E-07+1.3484E-07i,
9.0994E-08+-8.6408E-08i,9.2639E-08+-3.8199E-08i,6.2024E-08+-1.2172E-08i,1.9366E-08+1.4658E-08i,-1.5138E-08+4.6268E-08i,-5.8261E-08+7.1516E-08i,-1.1474E-07+7.5335E-08i,-1.5166E-07+6.7068E-08i,-1.6820E-07+8.9431E-08i,
3.5158E-08+-1.2212E-07i,4.0376E-08+-9.0325E-08i,9.0178E-09+-7.1375E-08i,-2.7193E-08+-4.5853E-08i,-5.4386E-08+-1.7034E-08i,-9.3259E-08+2.5081E-09i,-1.4141E-07+3.0400E-09i,-1.6752E-07+-8.1485E-10i,-1.8544E-07+2.7440E-08i,
-3.1705E-08+-1.5460E-07i,-2.2741E-08+-1.4399E-07i,-5.2726E-08+-1.3455E-07i,-7.8931E-08+-1.1235E-07i,-9.5764E-08+-8.8795E-08i,-1.2698E-07+-7.7219E-08i,-1.6211E-07+-8.0514E-08i,-1.7390E-07+-7.9009E-08i,-1.9212E-07+-4.5971E-08i,
-1.0342E-07+-1.8110E-07i,-9.0864E-08+-1.9445E-07i,-1.1754E-07+-1.9604E-07i,-1.3116E-07+-1.7882E-07i,-1.3558E-07+-1.6248E-07i,-1.5649E-07+-1.6037E-07i,-1.7518E-07+-1.6768E-07i,-1.7051E-07+-1.6036E-07i,-1.8797E-07+-1.2404E-07i,
-1.7288E-07+-1.9894E-07i,-1.5726E-07+-2.3667E-07i,-1.7901E-07+-2.4972E-07i,-1.7870E-07+-2.3867E-07i,-1.6987E-07+-2.3078E-07i,-1.7883E-07+-2.3869E-07i,-1.7928E-07+-2.4981E-07i,-1.5761E-07+-2.3681E-07i,-1.7332E-07+-1.9903E-07i,
-2.3280E-07+-2.0579E-07i,-2.1497E-07+-2.6580E-07i,-2.3059E-07+-2.8960E-07i,-2.1636E-07+-2.8533E-07i,-1.9477E-07+-2.8632E-07i,-1.9130E-07+-3.0383E-07i,-1.7347E-07+-3.1814E-07i,-1.3600E-07+-3.0017E-07i,-1.4909E-07+-2.6303E-07i,
-2.7638E-07+-1.9992E-07i,-2.5750E-07+-2.7775E-07i,-2.6627E-07+-3.1045E-07i,-2.3951E-07+-3.1297E-07i,-2.0694E-07+-3.2245E-07i,-1.9171E-07+-3.4814E-07i,-1.5737E-07+-3.6465E-07i,-1.0696E-07+-3.4299E-07i,-1.1674E-07+-3.0870E-07i,
-2.9808E-07+-1.8044E-07i,-2.7954E-07+-2.6960E-07i,-2.8126E-07+-3.0840E-07i,-2.4457E-07+-3.1712E-07i,-2.0395E-07+-3.3393E-07i,-1.7871E-07+-3.6552E-07i,-1.3124E-07+-3.8296E-07i,-7.2176E-08+-3.5933E-07i,-7.8154E-08+-3.3013E-07i,
-2.9423E-07+-1.4746E-07i,-2.7751E-07+-2.4002E-07i,-2.7246E-07+-2.8139E-07i,-2.2944E-07+-2.9523E-07i,-1.8455E-07+-3.1756E-07i,-1.5197E-07+-3.5212E-07i,-9.6015E-08+-3.6900E-07i,-3.3626E-08+-3.4545E-07i,-3.5547E-08+-3.2341E-07i,
-2.6344E-07+-1.0220E-07i,-2.5001E-07+-1.8949E-07i,-2.3893E-07+-2.2952E-07i,-1.9377E-07+-2.4701E-07i,-1.4892E-07+-2.7259E-07i,-1.1228E-07+-3.0682E-07i,-5.3325E-08+-3.2162E-07i,6.5184E-09+-3.0032E-07i,8.6718E-09+-2.8717E-07i,
-2.0686E-07+-4.6926E-08i,-1.9804E-07+-1.2042E-07i,-1.8200E-07+-1.5519E-07i,-1.3913E-07+-1.7462E-07i,-9.8710E-08+-2.0094E-07i,-6.1595E-08+-2.3149E-07i,-5.4157E-09+-2.4276E-07i,4.6024E-08+-2.2578E-07i,5.2042E-08+-2.2282E-07i,
-1.2817E-07+1.5081E-08i,-1.2498E-07+-3.7005E-08i,-1.0533E-07+-6.2978E-08i,-6.8950E-08+-8.2557E-08i,-3.7007E-08+-1.0713E-07i,-2.9568E-09+-1.3093E-07i,4.4955E-08+-1.3744E-07i,8.2723E-08+-1.2659E-07i,9.2185E-08+-1.3452E-07i,
-3.3316E-08+7.9779E-08i,-3.6404E-08+5.4985E-08i,-1.4599E-08+4.0631E-08i,1.1723E-08+2.2584E-08i,3.1877E-08+2.0014E-09i,5.9717E-08+-1.2553E-08i,9.4680E-08+-1.3439E-08i,1.1463E-07+-1.0054E-08i,1.2693E-07+-2.8884E-08i,
6.9983E-08+1.4263E-07i,6.0452E-08+1.4869E-07i,8.2924E-08+1.4775E-07i,9.6604E-08+1.3267E-07i,1.0273E-07+1.1785E-07i,1.2190E-07+1.1421E-07i,1.4051E-07+1.1937E-07i,1.4003E-07+1.1457E-07i,1.5445E-07+8.5546E-08i,
1.7288E-07+1.9894E-07i,1.5726E-07+2.3667E-07i,1.7901E-07+2.4972E-07i,1.7870E-07+2.3867E-07i,1.6987E-07+2.3078E-07i,1.7883E-07+2.3869E-07i,1.7928E-07+2.4981E-07i,1.5761E-07+2.3681E-07i,1.7332E-07+1.9903E-07i,
2.6623E-07+2.4426E-07i,2.4538E-07+3.1157E-07i,2.6521E-07+3.3789E-07i,2.5092E-07+3.3149E-07i,2.2762E-07+3.3095E-07i,2.2588E-07+3.4999E-07i,2.0814E-07+3.6645E-07i,1.6648E-07+3.4597E-07i,1.8261E-07+3.0152E-07i,
3.4140E-07+2.7474E-07i,3.1664E-07+3.6676E-07i,3.3360E-07+4.0437E-07i,3.0672E-07+4.0273E-07i,2.7083E-07+4.0924E-07i,2.5897E-07+4.3791E-07i,2.2479E-07+4.5861E-07i,1.6624E-07+4.3205E-07i,1.8193E-07+3.8356E-07i,
3.9110E-07+2.8747E-07i,3.6415E-07+3.9693E-07i,3.7757E-07+4.4275E-07i,3.4072E-07+4.4553E-07i,2.9535E-07+4.5809E-07i,2.7493E-07+4.9394E-07i,2.2769E-07+5.1736E-07i,1.5697E-07+4.8674E-07i,1.7140E-07+4.3721E-07i,
4.1010E-07+2.8080E-07i,3.8291E-07+3.9863E-07i,3.9244E-07+4.4875E-07i,3.4920E-07+4.5519E-07i,2.9840E-07+4.7223E-07i,2.7183E-07+5.1209E-07i,2.1617E-07+5.3643E-07i,1.3926E-07+5.0417E-07i,1.5171E-07+4.5680E-07i,
3.9576E-07+2.5446E-07i,3.7037E-07+3.7063E-07i,3.7594E-07+4.2065E-07i,3.3054E-07+4.2969E-07i,2.7893E-07+4.4922E-07i,2.4915E-07+4.8951E-07i,1.9054E-07+5.1282E-07i,1.1411E-07+4.8156E-07i,1.2398E-07+4.3950E-07i,
3.4832E-07+2.0971E-07i,3.2671E-07+3.1406E-07i,3.2847E-07+3.5952E-07i,2.8535E-07+3.6991E-07i,2.3770E-07+3.8976E-07i,2.0792E-07+4.2680E-07i,1.5210E-07+4.4716E-07i,8.2937E-08+4.1954E-07i,8.9774E-08+3.8568E-07i,
2.7095E-07+1.4922E-07i,2.5486E-07+2.3246E-07i,2.5317E-07+2.6921E-07i,2.1653E-07+2.7967E-07i,1.7730E-07+2.9772E-07i,1.5065E-07+3.2806E-07i,1.0310E-07+3.4376E-07i,4.7444E-08+3.2217E-07i,5.0956E-08+2.9890E-07i,
1.6953E-07+7.6964E-08i,1.6031E-07+1.3148E-07i,1.5564E-07+1.5612E-07i,1.2907E-07+1.6546E-07i,1.0196E-07+1.7982E-07i,8.1182E-08+2.0061E-07i,4.6568E-08+2.1026E-07i,9.5533E-09+1.9663E-07i,9.6218E-09+1.8570E-07i,
5.2134E-08+-2.1057E-09i,5.0629E-08+1.8483E-08i,4.3521E-08+2.8643E-08i,2.9619E-08+3.5918E-08i,1.7256E-08+4.5158E-08i,4.4147E-09+5.4395E-08i,-1.3878E-08+5.7088E-08i,-2.8702E-08+5.2704E-08i,-3.2027E-08+5.5039E-08i,
-7.1612E-08+-8.2405E-08i,-6.5140E-08+-9.8031E-08i,-7.4150E-08+-1.0344E-07i,-7.4020E-08+-9.8862E-08i,-7.0362E-08+-9.5591E-08i,-7.4076E-08+-9.8871E-08i,-7.4259E-08+-1.0348E-07i,-6.5285E-08+-9.8090E-08i,-7.1792E-08+-8.2442E-08i,
-1.9140E-07+-1.5815E-07i,-1.7731E-07+-2.0913E-07i,-1.8772E-07+-2.2980E-07i,-1.7357E-07+-2.2818E-07i,-1.5409E-07+-2.3106E-07i,-1.4847E-07+-2.4667E-07i,-1.3054E-07+-2.5832E-07i,-9.8260E-08+-2.4346E-07i,-1.0759E-07+-2.1537E-07i,
-2.9714E-07+-2.2381E-07i,-2.7639E-07+-3.0617E-07i,-2.8777E-07+-3.4044E-07i,-2.6097E-07+-3.4163E-07i,-2.2735E-07+-3.5017E-07i,-2.1319E-07+-3.7680E-07i,-1.7890E-07+-3.9466E-07i,-1.2589E-07+-3.7143E-07i,-1.3756E-07+-3.3261E-07i,
-3.7986E-07+-2.7454E-07i,-3.5393E-07+-3.8155E-07i,-3.6594E-07+-4.2652E-07i,-3.2910E-07+-4.3002E-07i,-2.8430E-07+-4.4309E-07i,-2.6331E-07+-4.7842E-07i,-2.1604E-07+-5.0112E-07i,-1.4673E-07+-4.7134E-07i,-1.6014E-07+-4.2428E-07i,
-4.3251E-07+-3.0658E-07i,-4.0329E-07+-4.2930E-07i,-4.1564E-07+-4.8112E-07i,-3.7236E-07+-4.8612E-07i,-3.2042E-07+-5.0214E-07i,-2.9500E-07+-5.4303E-07i,-2.3940E-07+-5.6881E-07i,-1.5968E-07+-5.3486E-07i,-1.7417E-07+-4.8259E-07i,
-4.5057E-07+-3.1753E-07i,-4.2023E-07+-4.4566E-07i,-4.3269E-07+-4.9982E-07i,-3.8719E-07+-5.0535E-07i,-3.3279E-07+-5.2238E-07i,-3.0585E-07+-5.6518E-07i,-2.4737E-07+-5.9202E-07i,-1.6408E-07+-5.5664E-07i,-1.7893E-07+-5.0260E-07i,
-4.3251E-07+-3.0658E-07i,-4.0329E-07+-4.2930E-07i,-4.1564E-07+-4.8112E-07i,-3.7236E-07+-4.8612E-07i,-3.2042E-07+-5.0214E-07i,-2.9500E-07+-5.4303E-07i,-2.3940E-07+-5.6880E-07i,-1.5968E-07+-5.3485E-07i,-1.7417E-07+-4.8259E-07i,
-3.7986E-07+-2.7454E-07i,-3.5393E-07+-3.8155E-07i,-3.6594E-07+-4.2652E-07i,-3.2910E-07+-4.3002E-07i,-2.8430E-07+-4.4309E-07i,-2.6331E-07+-4.7842E-07i,-2.1604E-07+-5.0112E-07i,-1.4673E-07+-4.7134E-07i,-1.6014E-07+-4.2427E-07i,
-2.9714E-07+-2.2381E-07i,-2.7639E-07+-3.0617E-07i,-2.8777E-07+-3.4044E-07i,-2.6097E-07+-3.4163E-07i,-2.2734E-07+-3.5016E-07i,-2.1319E-07+-3.7680E-07i,-1.7890E-07+-3.9465E-07i,-1.2589E-07+-3.7143E-07i,-1.3756E-07+-3.3261E-07i,
-1.9140E-07+-1.5815E-07i,-1.7731E-07+-2.0913E-07i,-1.8772E-07+-2.2980E-07i,-1.7357E-07+-2.2818E-07i,-1.5409E-07+-2.3106E-07i,-1.4847E-07+-2.4667E-07i,-1.3054E-07+-2.5832E-07i,-9.8260E-08+-2.4346E-07i,-1.0759E-07+-2.1537E-07i,
-7.1610E-08+-8.2404E-08i,-6.5139E-08+-9.8029E-08i,-7.4148E-08+-1.0344E-07i,-7.4019E-08+-9.8860E-08i,-7.0361E-08+-9.5589E-08i,-7.4075E-08+-9.8869E-08i,-7.4258E-08+-1.0347E-07i,-6.5284E-08+-9.8089E-08i,-7.1792E-08+-8.2440E-08i,
5.2135E-08+-2.1047E-09i,5.0630E-08+1.8484E-08i,4.3522E-08+2.8645E-08i,2.9621E-08+3.5920E-08i,1.7257E-08+4.5160E-08i,4.4158E-09+5.4397E-08i,-1.3877E-08+5.7090E-08i,-2.8701E-08+5.2706E-08i,-3.2027E-08+5.5041E-08i,
1.6953E-07+7.6965E-08i,1.6031E-07+1.3148E-07i,1.5564E-07+1.5612E-07i,1.2907E-07+1.6546E-07i,1.0196E-07+1.7982E-07i,8.1183E-08+2.0062E-07i,4.6569E-08+2.1026E-07i,9.5538E-09+1.9663E-07i,9.6222E-09+1.8570E-07i,
2.7095E-07+1.4922E-07i,2.5486E-07+2.3246E-07i,2.5317E-07+2.6921E-07i,2.1653E-07+2.7967E-07i,1.7730E-07+2.9772E-07i,1.5065E-07+3.2806E-07i,1.0311E-07+3.4376E-07i,4.7444E-08+3.2217E-07i,5.0957E-08+2.9890E-07i,
3.4832E-07+2.0971E-07i,3.2671E-07+3.1406E-07i,3.2847E-07+3.5952E-07i,2.8535E-07+3.6991E-07i,2.3770E-07+3.8976E-07i,2.0792E-07+4.2680E-07i,1.5211E-07+4.4716E-07i,8.2937E-08+4.1954E-07i,8.9775E-08+3.8568E-07i,
3.9576E-07+2.5446E-07i,3.7037E-07+3.7063E-07i,3.7594E-07+4.2065E-07i,3.3054E-07+4.2969E-07i,2.7893E-07+4.4922E-07i,2.4915E-07+4.8951E-07i,1.9054E-07+5.1282E-07i,1.1411E-07+4.8156E-07i,1.2398E-07+4.3950E-07i,
4.1010E-07+2.8080E-07i,3.8291E-07+3.9863E-07i,3.9244E-07+4.4875E-07i,3.4920E-07+4.5519E-07i,2.9840E-07+4.7223E-07i,2.7183E-07+5.1209E-07i,2.1617E-07+5.3643E-07i,1.3926E-07+5.0417E-07i,1.5171E-07+4.5680E-07i,
3.9110E-07+2.8747E-07i,3.6415E-07+3.9693E-07i,3.7757E-07+4.4275E-07i,3.4072E-07+4.4553E-07i,2.9535E-07+4.5809E-07i,2.7493E-07+4.9394E-07i,2.2769E-07+5.1736E-07i,1.5697E-07+4.8674E-07i,1.7140E-07+4.3721E-07i,
3.4140E-07+2.7474E-07i,3.1664E-07+3.6676E-07i,3.3360E-07+4.0437E-07i,3.0672E-07+4.0273E-07i,2.7083E-07+4.0924E-07i,2.5897E-07+4.3791E-07i,2.2479E-07+4.5861E-07i,1.6624E-07+4.3205E-07i,1.8193E-07+3.8356E-07i,
2.6623E-07+2.4426E-07i,2.4538E-07+3.1157E-07i,2.6521E-07+3.3789E-07i,2.5092E-07+3.3149E-07i,2.2762E-07+3.3095E-07i,2.2588E-07+3.4999E-07i,2.0814E-07+3.6645E-07i,1.6648E-07+3.4597E-07i,1.8261E-07+3.0152E-07i,
1.7288E-07+1.9894E-07i,1.5726E-07+2.3666E-07i,1.7901E-07+2.4972E-07i,1.7870E-07+2.3867E-07i,1.6987E-07+2.3077E-07i,1.7883E-07+2.3869E-07i,1.7928E-07+2.4981E-07i,1.5761E-07+2.3681E-07i,1.7332E-07+1.9903E-07i,
6.9982E-08+1.4263E-07i,6.0451E-08+1.4868E-07i,8.2923E-08+1.4774E-07i,9.6603E-08+1.3267E-07i,1.0273E-07+1.1785E-07i,1.2190E-07+1.1420E-07i,1.4051E-07+1.1936E-07i,1.4003E-07+1.1456E-07i,1.5445E-07+8.5545E-08i,
-3.3317E-08+7.9778E-08i,-3.6405E-08+5.4984E-08i,-1.4601E-08+4.0629E-08i,1.1722E-08+2.2583E-08i,3.1876E-08+2.0001E-09i,5.9716E-08+-1.2554E-08i,9.4680E-08+-1.3441E-08i,1.1462E-07+-1.0055E-08i,1.2693E-07+-2.8885E-08i,
-1.2817E-07+1.5080E-08i,-1.2499E-07+-3.7007E-08i,-1.0533E-07+-6.2979E-08i,-6.8951E-08+-8.2558E-08i,-3.7008E-08+-1.0713E-07i,-2.9576E-09+-1.3093E-07i,4.4954E-08+-1.3744E-07i,8.2722E-08+-1.2659E-07i,9.2185E-08+-1.3452E-07i,
-2.0686E-07+-4.6926E-08i,-1.9804E-07+-1.2042E-07i,-1.8200E-07+-1.5519E-07i,-1.3913E-07+-1.7462E-07i,-9.8711E-08+-2.0094E-07i,-6.1596E-08+-2.3149E-07i,-5.4161E-09+-2.4276E-07i,4.6024E-08+-2.2578E-07i,5.2042E-08+-2.2282E-07i,
-2.6344E-07+-1.0220E-07i,-2.5001E-07+-1.8949E-07i,-2.3893E-07+-2.2952E-07i,-1.9377E-07+-2.4702E-07i,-1.4892E-07+-2.7259E-07i,-1.1228E-07+-3.0682E-07i,-5.3326E-08+-3.2162E-07i,6.5179E-09+-3.0032E-07i,8.6713E-09+-2.8717E-07i,
-2.9423E-07+-1.4746E-07i,-2.7751E-07+-2.4002E-07i,-2.7246E-07+-2.8139E-07i,-2.2944E-07+-2.9523E-07i,-1.8456E-07+-3.1756E-07i,-1.5197E-07+-3.5212E-07i,-9.6015E-08+-3.6901E-07i,-3.3626E-08+-3.4545E-07i,-3.5548E-08+-3.2341E-07i,
-2.9808E-07+-1.8044E-07i,-2.7954E-07+-2.6960E-07i,-2.8126E-07+-3.0840E-07i,-2.4457E-07+-3.1712E-07i,-2.0395E-07+-3.3393E-07i,-1.7871E-07+-3.6552E-07i,-1.3124E-07+-3.8296E-07i,-7.2176E-08+-3.5933E-07i,-7.8154E-08+-3.3013E-07i,
-2.7638E-07+-1.9992E-07i,-2.5750E-07+-2.7775E-07i,-2.6627E-07+-3.1045E-07i,-2.3951E-07+-3.1297E-07i,-2.0694E-07+-3.2245E-07i,-1.9171E-07+-3.4814E-07i,-1.5737E-07+-3.6465E-07i,-1.0696E-07+-3.4299E-07i,-1.1674E-07+-3.0870E-07i,
-2.3280E-07+-2.0579E-07i,-2.1497E-07+-2.6580E-07i,-2.3059E-07+-2.8960E-07i,-2.1636E-07+-2.8533E-07i,-1.9477E-07+-2.8632E-07i,-1.9130E-07+-3.0383E-07i,-1.7347E-07+-3.1814E-07i,-1.3600E-07+-3.0017E-07i,-1.4909E-07+-2.6303E-07i,
-1.7288E-07+-1.9894E-07i,-1.5726E-07+-2.3666E-07i,-1.7901E-07+-2.4972E-07i,-1.7870E-07+-2.3867E-07i,-1.6987E-07+-2.3077E-07i,-1.7883E-07+-2.3869E-07i,-1.7928E-07+-2.4981E-07i,-1.5761E-07+-2.3681E-07i,-1.7332E-07+-1.9903E-07i,
-1.0342E-07+-1.8110E-07i,-9.0864E-08+-1.9445E-07i,-1.1754E-07+-1.9604E-07i,-1.3116E-07+-1.7882E-07i,-1.3558E-07+-1.6248E-07i,-1.5649E-07+-1.6037E-07i,-1.7518E-07+-1.6768E-07i,-1.7051E-07+-1.6036E-07i,-1.8797E-07+-1.2404E-07i,
-3.1704E-08+-1.5460E-07i,-2.2740E-08+-1.4399E-07i,-5.2725E-08+-1.3455E-07i,-7.8930E-08+-1.1235E-07i,-9.5763E-08+-8.8794E-08i,-1.2698E-07+-7.7218E-08i,-1.6211E-07+-8.0513E-08i,-1.7390E-07+-7.9008E-08i,-1.9212E-07+-4.5970E-08i,
3.5159E-08+-1.2212E-07i,4.0376E-08+-9.0324E-08i,9.0185E-09+-7.1374E-08i,-2.7192E-08+-4.5852E-08i,-5.4385E-08+-1.7033E-08i,-9.3259E-08+2.5090E-09i,-1.4141E-07+3.0409E-09i,-1.6752E-07+-8.1399E-10i,-1.8544E-07+2.7441E-08i,
9.0994E-08+-8.6407E-08i,9.2640E-08+-3.8198E-08i,6.2025E-08+-1.2172E-08i,1.9367E-08+1.4658E-08i,-1.5137E-08+4.6268E-08i,-5.8260E-08+7.1516E-08i,-1.1474E-07+7.5335E-08i,-1.5166E-07+6.7069E-08i,-1.6820E-07+8.9432E-08i,
1.3112E-07+-5.0067E-08i,1.2965E-07+8.3566E-09i,1.0192E-07+3.8399E-08i,5.6999E-08+6.4345E-08i,1.8910E-08+9.5962E-08i,-2.4595E-08+1.2413E-07i,-8.3887E-08+1.3043E-07i,-1.2715E-07+1.1907E-07i,-1.4133E-07+1.3484E-07i,
1.5277E-07+-1.5317E-08i,1.4884E-07+4.6372E-08i,1.2599E-07+7.7063E-08i,8.3223E-08+9.9946E-08i,4.5564E-08+1.2873E-07i,5.6444E-09+1.5681E-07i,-5.0674E-08+1.6460E-07i,-9.5335E-08+1.5169E-07i,-1.0627E-07+1.6055E-07i,
1.5530E-07+1.6137E-08i,1.4966E-07+7.4143E-08i,1.3342E-07+1.0216E-07i,9.6992E-08+1.2001E-07i,6.3663E-08+1.4334E-07i,3.1020E-08+1.6839E-07i,-1.6823E-08+1.7664E-07i,-5.7990E-08+1.6375E-07i,-6.4987E-08+1.6575E-07i,
1.4016E-07+4.3175E-08i,1.3360E-07+9.1282E-08i,1.2523E-07+1.1370E-07i,9.8719E-08+1.2492E-07i,7.3108E-08+1.4063E-07i,5.0809E-08+1.6007E-07i,1.6119E-08+1.6783E-07i,-1.7216E-08+1.5641E-07i,-1.9816E-08+1.5189E-07i,
1.1068E-07+6.5266E-08i,1.0388E-07+9.8629E-08i,1.0414E-07+1.1321E-07i,9.0136E-08+1.1674E-07i,7.4782E-08+1.2331E-07i,6.4977E-08+1.3523E-07i,4.6834E-08+1.4169E-07i,2.4673E-08+1.3290E-07i,2.6668E-08+1.2244E-07i,
7.1611E-08+8.2405E-08i,6.5139E-08+9.8030E-08i,7.4149E-08+1.0344E-07i,7.4019E-08+9.8861E-08i,7.0362E-08+9.5590E-08i,7.4075E-08+9.8870E-08i,7.4259E-08+1.0347E-07i,6.5285E-08+9.8089E-08i,7.1792E-08+8.2441E-08i,
2.8583E-08+9.4990E-08i,2.2794E-08+9.2014E-08i,4.0057E-08+8.7947E-08i,5.3812E-08+7.5514E-08i,6.2053E-08+6.2587E-08i,7.9081E-08+5.7047E-08i,9.7580E-08+5.9545E-08i,1.0229E-07+5.7858E-08i,1.1295E-07+3.7885E-08i,
-1.2553E-08+1.0367E-07i,-1.7518E-08+8.3408E-08i,6.8991E-09+7.0621E-08i,3.3184E-08+5.1248E-08i,5.2278E-08+2.9717E-08i,8.1195E-08+1.6113E-08i,1.1621E-07+1.6562E-08i,1.3355E-07+1.8386E-08i,1.4775E-07+-4.9812E-09i,
-4.6396E-08+1.0919E-07i,-5.0598E-08+7.4942E-08i,-2.0654E-08+5.5144E-08i,1.5577E-08+3.0339E-08i,4.3344E-08+2.0338E-09i,8.1635E-08+-1.8023E-08i,1.2976E-07+-1.9278E-08i,1.5728E-07+-1.4578E-08i,1.7417E-07+-4.0377E-08i,
-6.8589E-08+1.1219E-07i,-7.2259E-08+6.8869E-08i,-3.8825E-08+4.4534E-08i,3.7920E-09+1.6272E-08i,3.7151E-08+-1.6361E-08i,8.1436E-08+-4.0583E-08i,1.3797E-07+-4.2961E-08i,1.7208E-07+-3.6379E-08i,1.9067E-07+-6.3639E-08i,
-7.6313E-08+1.1314E-07i,-7.9792E-08+6.6673E-08i,-4.5166E-08+4.0769E-08i,-3.4744E-10+1.1320E-08i,3.4943E-08+-2.2801E-08i,8.1290E-08+-4.8461E-08i,1.4072E-07+-5.1231E-08i,1.7711E-07+-4.3996E-08i,1.9627E-07+-7.1741E-08i,
-6.8589E-08+1.1219E-07i,-7.2259E-08+6.8869E-08i,-3.8825E-08+4.4534E-08i,3.7920E-09+1.6272E-08i,3.7151E-08+-1.6361E-08i,8.1436E-08+-4.0583E-08i,1.3797E-07+-4.2961E-08i,1.7208E-07+-3.6379E-08i,1.9067E-07+-6.3639E-08i,
-4.6395E-08+1.0919E-07i,-5.0597E-08+7.4942E-08i,-2.0653E-08+5.5144E-08i,1.5578E-08+3.0339E-08i,4.3344E-08+2.0341E-09i,8.1635E-08+-1.8023E-08i,1.2976E-07+-1.9277E-08i,1.5728E-07+-1.4577E-08i,1.7417E-07+-4.0377E-08i,
-1.2553E-08+1.0367E-07i,-1.7517E-08+8.3409E-08i,6.8997E-09+7.0622E-08i,3.3185E-08+5.1248E-08i,5.2278E-08+2.9717E-08i,8.1195E-08+1.6114E-08i,1.1621E-07+1.6563E-08i,1.3355E-07+1.8387E-08i,1.4775E-07+-4.9805E-09i,
2.8584E-08+9.4989E-08i,2.2794E-08+9.2014E-08i,4.0058E-08+8.7947E-08i,5.3813E-08+7.5514E-08i,6.2054E-08+6.2588E-08i,7.9080E-08+5.7048E-08i,9.7580E-08+5.9546E-08i,1.0229E-07+5.7859E-08i,1.1295E-07+3.7886E-08i,
7.1611E-08+8.2405E-08i,6.5140E-08+9.8030E-08i,7.4149E-08+1.0344E-07i,7.4019E-08+9.8861E-08i,7.0362E-08+9.5590E-08i,7.4075E-08+9.8870E-08i,7.4259E-08+1.0348E-07i,6.5284E-08+9.8090E-08i,7.1792E-08+8.2442E-08i,
1.1068E-07+6.5266E-08i,1.0389E-07+9.8629E-08i,1.0414E-07+1.1321E-07i,9.0136E-08+1.1674E-07i,7.4782E-08+1.2331E-07i,6.4977E-08+1.3523E-07i,4.6834E-08+1.4169E-07i,2.4673E-08+1.3290E-07i,2.6667E-08+1.2244E-07i,
1.4016E-07+4.3174E-08i,1.3360E-07+9.1282E-08i,1.2523E-07+1.1370E-07i,9.8719E-08+1.2492E-07i,7.3108E-08+1.4063E-07i,5.0808E-08+1.6007E-07i,1.6119E-08+1.6783E-07i,-1.7216E-08+1.5641E-07i,-1.9816E-08+1.5189E-07i,
1.5530E-07+1.6137E-08i,1.4966E-07+7.4143E-08i,1.3342E-07+1.0216E-07i,9.6992E-08+1.2001E-07i,6.3663E-08+1.4334E-07i,3.1019E-08+1.6839E-07i,-1.6823E-08+1.7664E-07i,-5.7991E-08+1.6375E-07i,-6.4988E-08+1.6575E-07i,
1.5277E-07+-1.5317E-08i,1.4883E-07+4.6372E-08i,1.2599E-07+7.7063E-08i,8.3223E-08+9.9945E-08i,4.5564E-08+1.2873E-07i,5.6440E-09+1.5681E-07i,-5.0674E-08+1.6460E-07i,-9.5336E-08+1.5169E-07i,-1.0627E-07+1.6055E-07i,
1.3112E-07+-5.0068E-08i,1.2965E-07+8.3561E-09i,1.0192E-07+3.8398E-08i,5.6999E-08+6.4344E-08i,1.8910E-08+9.5962E-08i,-2.4595E-08+1.2413E-07i,-8.3887E-08+1.3043E-07i,-1.2715E-07+1.1907E-07i,-1.4133E-07+1.3484E-07i,
9.0994E-08+-8.6408E-08i,9.2639E-08+-3.8199E-08i,6.2024E-08+-1.2172E-08i,1.9366E-08+1.4658E-08i,-1.5138E-08+4.6268E-08i,-5.8261E-08+7.1516E-08i,-1.1474E-07+7.5335E-08i,-1.5166E-07+6.7068E-08i,-1.6820E-07+8.9431E-08i,
3.5158E-08+-1.2212E-07i,4.0375E-08+-9.0325E-08i,9.0176E-09+-7.1375E-08i,-2.7193E-08+-4.5853E-08i,-5.4386E-08+-1.7034E-08i,-9.3259E-08+2.5078E-09i,-1.4141E-07+3.0397E-09i,-1.6752E-07+-8.1515E-10i,-1.8544E-07+2.7440E-08i,
-3.1705E-08+-1.5460E-07i,-2.2741E-08+-1.4399E-07i,-5.2726E-08+-1.3455E-07i,-7.8931E-08+-1.1235E-07i,-9.5764E-08+-8.8795E-08i,-1.2698E-07+-7.7219E-08i,-1.6211E-07+-8.0514E-08i,-1.7390E-07+-7.9009E-08i,-1.9212E-07+-4.5971E-08i,
-1.0342E-07+-1.8110E-07i,-9.0865E-08+-1.9445E-07i,-1.1754E-07+-1.9604E-07i,-1.3116E-07+-1.7882E-07i,-1.3558E-07+-1.6248E-07i,-1.5649E-07+-1.6037E-07i,-1.7518E-07+-1.6768E-07i,-1.7051E-07+-1.6036E-07i,-1.8797E-07+-1.2404E-07i,
-1.7288E-07+-1.9894E-07i,-1.5726E-07+-2.3667E-07i,-1.7901E-07+-2.4972E-07i,-1.7870E-07+-2.3867E-07i,-1.6987E-07+-2.3078E-07i,-1.7883E-07+-2.3869E-07i,-1.7928E-07+-2.4981E-07i,-1.5761E-07+-2.3681E-07i,-1.7332E-07+-1.9903E-07i,
-2.3280E-07+-2.0579E-07i,-2.1497E-07+-2.6580E-07i,-2.3059E-07+-2.8960E-07i,-2.1636E-07+-2.8533E-07i,-1.9477E-07+-2.8632E-07i,-1.9130E-07+-3.0383E-07i,-1.7347E-07+-3.1814E-07i,-1.3600E-07+-3.0017E-07i,-1.4909E-07+-2.6303E-07i,
-2.7638E-07+-1.9992E-07i,-2.5750E-07+-2.7775E-07i,-2.6627E-07+-3.1045E-07i,-2.3951E-07+-3.1297E-07i,-2.0694E-07+-3.2245E-07i,-1.9171E-07+-3.4814E-07i,-1.5737E-07+-3.6465E-07i,-1.0696E-07+-3.4299E-07i,-1.1674E-07+-3.0871E-07i,
-2.9808E-07+-1.8044E-07i,-2.7954E-07+-2.6960E-07i,-2.8126E-07+-3.0840E-07i,-2.4457E-07+-3.1712E-07i,-2.0395E-07+-3.3393E-07i,-1.7871E-07+-3.6552E-07i,-1.3124E-07+-3.8296E-07i,-7.2176E-08+-3.5933E-07i,-7.8154E-08+-3.3013E-07i,
-2.9423E-07+-1.4746E-07i,-2.7751E-07+-2.4002E-07i,-2.7246E-07+-2.8139E-07i,-2.2944E-07+-2.9523E-07i,-1.8455E-07+-3.1756E-07i,-1.5197E-07+-3.5212E-07i,-9.6014E-08+-3.6900E-07i,-3.3625E-08+-3.4545E-07i,-3.5547E-08+-3.2341E-07i,
-2.6344E-07+-1.0220E-07i,-2.5001E-07+-1.8949E-07i,-2.3893E-07+-2.2952E-07i,-1.9377E-07+-2.4701E-07i,-1.4892E-07+-2.7259E-07i,-1.1228E-07+-3.0682E-07i,-5.3325E-08+-3.2162E-07i,6.5185E-09+-3.0032E-07i,8.6720E-09+-2.8717E-07i,
-2.0686E-07+-4.6926E-08i,-1.9804E-07+-1.2042E-07i,-1.8200E-07+-1.5519E-07i,-1.3913E-07+-1.7462E-07i,-9.8710E-08+-2.0094E-07i,-6.1595E-08+-2.3149E-07i,-5.4155E-09+-2.4276E-07i,4.6024E-08+-2.2578E-07i,5.2042E-08+-2.2282E-07i,
-1.2817E-07+1.5081E-08i,-1.2498E-07+-3.7005E-08i,-1.0533E-07+-6.2978E-08i,-6.8950E-08+-8.2557E-08i,-3.7007E-08+-1.0713E-07i,-2.9567E-09+-1.3093E-07i,4.4955E-08+-1.3744E-07i,8.2723E-08+-1.2659E-07i,9.2185E-08+-1.3452E-07i,
-3.3316E-08+7.9779E-08i,-3.6404E-08+5.4986E-08i,-1.4599E-08+4.0631E-08i,1.1724E-08+2.2585E-08i,3.1877E-08+2.0019E-09i,5.9717E-08+-1.2552E-08i,9.4680E-08+-1.3439E-08i,1.1463E-07+-1.0053E-08i,1.2693E-07+-2.8883E-08i,
6.9983E-08+1.4263E-07i,6.0452E-08+1.4869E-07i,8.2924E-08+1.4775E-07i,9.6604E-08+1.3267E-07i,1.0273E-07+1.1785E-07i,1.2190E-07+1.1421E-07i,1.4051E-07+1.1937E-07i,1.4003E-07+1.1457E-07i,1.5445E-07+8.5546E-08i,
1.7289E-07+1.9894E-07i,1.5726E-07+2.3667E-07i,1.7901E-07+2.4972E-07i,1.7870E-07+2.3867E-07i,1.6987E-07+2.3078E-07i,1.7883E-07+2.3869E-07i,1.7928E-07+2.4981E-07i,1.5761E-07+2.3681E-07i,1.7332E-07+1.9903E-07i,
2.6623E-07+2.4426E-07i,2.4538E-07+3.1157E-07i,2.6521E-07+3.3789E-07i,2.5092E-07+3.3149E-07i,2.2762E-07+3.3095E-07i,2.2588E-07+3.4999E-07i,2.0814E-07+3.6645E-07i,1.6648E-07+3.4597E-07i,1.8261E-07+3.0152E-07i,
3.4140E-07+2.7474E-07i,3.1664E-07+3.6676E-07i,3.3360E-07+4.0437E-07i,3.0672E-07+4.0273E-07i,2.7083E-07+4.0924E-07i,2.5897E-07+4.3791E-07i,2.2479E-07+4.5861E-07i,1.6624E-07+4.3205E-07i,1.8193E-07+3.8356E-07i,
3.9110E-07+2.8747E-07i,3.6415E-07+3.9693E-07i,3.7757E-07+4.4275E-07i,3.4072E-07+4.4553E-07i,2.9535E-07+4.5809E-07i,2.7493E-07+4.9394E-07i,2.2769E-07+5.1736E-07i,1.5697E-07+4.8674E-07i,1.7140E-07+4.3721E-07i,
4.1010E-07+2.8080E-07i,3.8291E-07+3.9863E-07i,3.9244E-07+4.4875E-07i,3.4920E-07+4.5519E-07i,2.9840E-07+4.7223E-07i,2.7183E-07+5.1209E-07i,2.1617E-07+5.3643E-07i,1.3926E-07+5.0417E-07i,1.5171E-07+4.5680E-07i,
3.9576E-07+2.5446E-07i,3.7037E-07+3.7063E-07i,3.7593E-07+4.2065E-07i,3.3054E-07+4.2969E-07i,2.7893E-07+4.4922E-07i,2.4915E-07+4.8951E-07i,1.9054E-07+5.1282E-07i,1.1411E-07+4.8156E-07i,1.2398E-07+4.3950E-07i,
3.4832E-07+2.0971E-07i,3.2671E-07+3.1406E-07i,3.2847E-07+3.5952E-07i,2.8535E-07+3.6990E-07i,2.3770E-07+3.8976E-07i,2.0792E-07+4.2680E-07i,1.5210E-07+4.4716E-07i,8.2937E-08+4.1954E-07i,8.9774E-08+3.8568E-07i,
2.7095E-07+1.4922E-07i,2.5486E-07+2.3246E-07i,2.5317E-07+2.6921E-07i,2.1653E-07+2.7967E-07i,1.7730E-07+2.9772E-07i,1.5065E-07+3.2806E-07i,1.0310E-07+3.4375E-07i,4.7444E-08+3.2217E-07i,5.0956E-08+2.9890E-07i,
1.6953E-07+7.6964E-08i,1.6031E-07+1.3148E-07i,1.5564E-07+1.5612E-07i,1.2907E-07+1.6546E-07i,1.0196E-07+1.7982E-07i,8.1182E-08+2.0061E-07i,4.6568E-08+2.1026E-07i,9.5532E-09+1.9663E-07i,9.6216E-09+1.8570E-07i,
5.2133E-08+-2.1060E-09i,5.0628E-08+1.8482E-08i,4.3520E-08+2.8642E-08i,2.9619E-08+3.5918E-08i,1.7256E-08+4.5158E-08i,4.4144E-09+5.4395E-08i,-1.3878E-08+5.7087E-08i,-2.8702E-08+5.2704E-08i,-3.2027E-08+5.5039E-08i,
-7.1612E-08+-8.2405E-08i,-6.5140E-08+-9.8031E-08i,-7.4150E-08+-1.0344E-07i,-7.4020E-08+-9.8862E-08i,-7.0363E-08+-9.5591E-08i,-7.4076E-08+-9.8871E-08i,-7.4259E-08+-1.0348E-07i,-6.5285E-08+-9.8091E-08i,-7.1792E-08+-8.2442E-08i,
-1.9140E-07+-1.5815E-07i,-1.7731E-07+-2.0913E-07i,-1.8772E-07+-2.2980E-07i,-1.7357E-07+-2.2818E-07i,-1.5409E-07+-2.3106E-07i,-1.4847E-07+-2.4667E-07i,-1.3054E-07+-2.5832E-07i,-9.8260E-08+-2.4347E-07i,-1.0759E-07+-2.1537E-07i,
-2.9714E-07+-2.2381E-07i,-2.7639E-07+-3.0617E-07i,-2.8777E-07+-3.4044E-07i,-2.6097E-07+-3.4163E-07i,-2.2735E-07+-3.5017E-07i,-2.1319E-07+-3.7680E-07i,-1.7890E-07+-3.9466E-07i,-1.2589E-07+-3.7143E-07i,-1.3756E-07+-3.3261E-07i,
-3.7986E-07+-2.7454E-07i,-3.5393E-07+-3.8155E-07i,-3.6594E-07+-4.2652E-07i,-3.2910E-07+-4.3002E-07i,-2.8430E-07+-4.4309E-07i,-2.6331E-07+-4.7842E-07i,-2.1604E-07+-5.0112E-07i,-1.4673E-07+-4.7134E-07i,-1.6014E-07+-4.2428E-07i,
-4.3251E-07+-3.0658E-07i,-4.0329E-07+-4.2930E-07i,-4.1564E-07+-4.8112E-07i,-3.7236E-07+-4.8612E-07i,-3.2042E-07+-5.0214E-07i,-2.9500E-07+-5.4303E-07i,-2.3940E-07+-5.6881E-07i,-1.5968E-07+-5.3486E-07i,-1.7417E-07+-4.8259E-07i,
-4.5057E-07+-3.1753E-07i,-4.2023E-07+-4.4566E-07i,-4.3269E-07+-4.9982E-07i,-3.8719E-07+-5.0535E-07i,-3.3279E-07+-5.2238E-07i,-3.0585E-07+-5.6518E-07i,-2.4737E-07+-5.9202E-07i,-1.6408E-07+-5.5664E-07i,-1.7893E-07+-5.0260E-07i,
-4.3251E-07+-3.0658E-07i,-4.0329E-07+-4.2930E-07i,-4.1564E-07+-4.8111E-07i,-3.7236E-07+-4.8612E-07i,-3.2042E-07+-5.0214E-07i,-2.9500E-07+-5.4302E-07i,-2.3940E-07+-5.6880E-07i,-1.5968E-07+-5.3485E-07i,-1.7417E-07+-4.8259E-07i,
-3.7986E-07+-2.7454E-07i,-3.5393E-07+-3.8155E-07i,-3.6594E-07+-4.2652E-07i,-3.2910E-07+-4.3002E-07i,-2.8430E-07+-4.4309E-07i,-2.6331E-07+-4.7842E-07i,-2.1604E-07+-5.0112E-07i,-1.4673E-07+-4.7134E-07i,-1.6014E-07+-4.2427E-07i,
-2.9714E-07+-2.2381E-07i,-2.7639E-07+-3.0617E-07i,-2.8777E-07+-3.4044E-07i,-2.6097E-07+-3.4163E-07i,-2.2734E-07+-3.5016E-07i,-2.1319E-07+-3.7680E-07i,-1.7890E-07+-3.9465E-07i,-1.2589E-07+-3.7143E-07i,-1.3756E-07+-3.3261E-07i,
-1.9140E-07+-1.5815E-07i,-1.7731E-07+-2.0912E-07i,-1.8772E-07+-2.2980E-07i,-1.7357E-07+-2.2818E-07i,-1.5409E-07+-2.3106E-07i,-1.4847E-07+-2.4667E-07i,-1.3054E-07+-2.5832E-07i,-9.8260E-08+-2.4346E-07i,-1.0759E-07+-2.1537E-07i,
-7.1610E-08+-8.2404E-08i,-6.5138E-08+-9.8029E-08i,-7.4148E-08+-1.0344E-07i,-7.4018E-08+-9.8859E-08i,-7.0361E-08+-9.5589E-08i,-7.4074E-08+-9.8868E-08i,-7.4258E-08+-1.0347E-07i,-6.5284E-08+-9.8088E-08i,-7.1792E-08+-8.2440E-08i,
5.2136E-08+-2.1043E-09i,5.0631E-08+1.8485E-08i,4.3523E-08+2.8645E-08i,2.9621E-08+3.5921E-08i,1.7257E-08+4.5161E-08i,4.4161E-09+5.4398E-08i,-1.3877E-08+5.7090E-08i,-2.8701E-08+5.2707E-08i,-3.2027E-08+5.5041E-08i,
1.6953E-07+7.6965E-08i,1.6031E-07+1.3148E-07i,1.5564E-07+1.5612E-07i,1.2907E-07+1.6546E-07i,1.0196E-07+1.7982E-07i,8.1184E-08+2.0062E-07i,4.6569E-08+2.1026E-07i,9.5539E-09+1.9663E-07i,9.6224E-09+1.8570E-07i,
2.7096E-07+1.4922E-07i,2.5486E-07+2.3246E-07i,2.5317E-07+2.6922E-07i,2.1653E-07+2.7967E-07i,1.7730E-07+2.9772E-07i,1.5065E-07+3.2806E-07i,1.0311E-07+3.4376E-07i,4.7444E-08+3.2217E-07i,5.0957E-08+2.9890E-07i,
3.4832E-07+2.0971E-07i,3.2671E-07+3.1406E-07i,3.2847E-07+3.5952E-07i,2.8535E-07+3.6991E-07i,2.3770E-07+3.8976E-07i,2.0792E-07+4.2680E-07i,1.5211E-07+4.4716E-07i,8.2938E-08+4.1954E-07i,8.9775E-08+3.8568E-07i,
3.9576E-07+2.5446E-07i,3.7037E-07+3.7063E-07i,3.7594E-07+4.2065E-07i,3.3054E-07+4.2969E-07i,2.7893E-07+4.4922E-07i,2.4915E-07+4.8951E-07i,1.9054E-07+5.1282E-07i,1.1411E-07+4.8156E-07i,1.2398E-07+4.3950E-07i,
4.1010E-07+2.8080E-07i,3.8291E-07+3.9863E-07i,3.9244E-07+4.4875E-07i,3.4920E-07+4.5519E-07i,2.9840E-07+4.7223E-07i,2.7183E-07+5.1209E-07i,2.1617E-07+5.3643E-07i,1.3926E-07+5.0417E-07i,1.5171E-07+4.5680E-07i,
3.9110E-07+2.8747E-07i,3.6415E-07+3.9693E-07i,3.7757E-07+4.4275E-07i,3.4072E-07+4.4553E-07i,2.9535E-07+4.5809E-07i,2.7493E-07+4.9394E-07i,2.2769E-07+5.1736E-07i,1.5697E-07+4.8673E-07i,1.7140E-07+4.3721E-07i,
3.4140E-07+2.7474E-07i,3.1664E-07+3.6676E-07i,3.3360E-07+4.0437E-07i,3.0672E-07+4.0273E-07i,2.7083E-07+4.0924E-07i,2.5897E-07+4.3791E-07i,2.2479E-07+4.5861E-07i,1.6624E-07+4.3205E-07i,1.8193E-07+3.8356E-07i,
2.6623E-07+2.4426E-07i,2.4538E-07+3.1157E-07i,2.6521E-07+3.3789E-07i,2.5092E-07+3.3149E-07i,2.2762E-07+3.3095E-07i,2.2588E-07+3.4999E-07i,2.0814E-07+3.6645E-07i,1.6648E-07+3.4597E-07i,1.8261E-07+3.0152E-07i,
1.7288E-07+1.9894E-07i,1.5726E-07+2.3666E-07i,1.7901E-07+2.4972E-07i,1.7870E-07+2.3867E-07i,1.6987E-07+2.3077E-07i,1.7883E-07+2.3869E-07i,1.7928E-07+2.4981E-07i,1.5761E-07+2.3681E-07i,1.7332E-07+1.9903E-07i,
6.9981E-08+1.4263E-07i,6.0450E-08+1.4868E-07i,8.2922E-08+1.4774E-07i,9.6603E-08+1.3267E-07i,1.0273E-07+1.1785E-07i,1.2190E-07+1.1420E-07i,1.4051E-07+1.1936E-07i,1.4003E-07+1.1456E-07i,1.5445E-07+8.5544E-08i,
-3.3318E-08+7.9778E-08i,-3.6406E-08+5.4984E-08i,-1.4601E-08+4.0629E-08i,1.1722E-08+2.2582E-08i,3.1876E-08+1.9995E-09i,5.9716E-08+-1.2555E-08i,9.4679E-08+-1.3441E-08i,1.1462E-07+-1.0056E-08i,1.2693E-07+-2.8886E-08i,
-1.2817E-07+1.5080E-08i,-1.2499E-07+-3.7007E-08i,-1.0533E-07+-6.2980E-08i,-6.8952E-08+-8.2559E-08i,-3.7008E-08+-1.0713E-07i,-2.9579E-09+-1.3093E-07i,4.4954E-08+-1.3745E-07i,8.2722E-08+-1.2659E-07i,9.2184E-08+-1.3452E-07i,
-2.0686E-07+-4.6927E-08i,-1.9804E-07+-1.2042E-07i,-1.8200E-07+-1.5519E-07i,-1.3913E-07+-1.7462E-07i,-9.8711E-08+-2.0094E-07i,-6.1596E-08+-2.3149E-07i,-5.4164E-09+-2.4276E-07i,4.6024E-08+-2.2578E-07i,5.2042E-08+-2.2283E-07i,
-2.6344E-07+-1.0220E-07i,-2.5001E-07+-1.8949E-07i,-2.3893E-07+-2.2952E-07i,-1.9377E-07+-2.4702E-07i,-1.4892E-07+-2.7259E-07i,-1.1228E-07+-3.0682E-07i,-5.3326E-08+-3.2163E-07i,6.5178E-09+-3.0032E-07i,8.6712E-09+-2.8717E-07i,
-2.9423E-07+-1.4746E-07i,-2.7751E-07+-2.4002E-07i,-2.7246E-07+-2.8139E-07i,-2.2944E-07+-2.9523E-07i,-1.8456E-07+-3.1756E-07i,-1.5197E-07+-3.5212E-07i,-9.6015E-08+-3.6901E-07i,-3.3626E-08+-3.4545E-07i,-3.5548E-08+-3.2341E-07i,
-2.9808E-07+-1.8044E-07i,-2.7954E-07+-2.6960E-07i,-2.8126E-07+-3.0840E-07i,-2.4457E-07+-3.1712E-07i,-2.0395E-07+-3.3393E-07i,-1.7871E-07+-3.6552E-07i,-1.3124E-07+-3.8296E-07i,-7.2176E-08+-3.5933E-07i,-7.8154E-08+-3.3013E-07i,
-2.7638E-07+-1.9992E-07i,-2.5750E-07+-2.7775E-07i,-2.6627E-07+-3.1045E-07i,-2.3951E-07+-3.1297E-07i,-2.0694E-07+-3.2245E-07i,-1.9171E-07+-3.4814E-07i,-1.5737E-07+-3.6465E-07i,-1.0696E-07+-3.4299E-07i,-1.1674E-07+-3.0870E-07i,
-2.3280E-07+-2.0579E-07i,-2.1497E-07+-2.6580E-07i,-2.3059E-07+-2.8960E-07i,-2.1636E-07+-2.8533E-07i,-1.9477E-07+-2.8632E-07i,-1.9130E-07+-3.0383E-07i,-1.7347E-07+-3.1814E-07i,-1.3600E-07+-3.0017E-07i,-1.4909E-07+-2.6303E-07i,
-1.7288E-07+-1.9894E-07i,-1.5726E-07+-2.3666E-07i,-1.7901E-07+-2.4972E-07i,-1.7870E-07+-2.3867E-07i,-1.6987E-07+-2.3077E-07i,-1.7883E-07+-2.3869E-07i,-1.7928E-07+-2.4981E-07i,-1.5761E-07+-2.3681E-07i,-1.7332E-07+-1.9903E-07i,
-1.0342E-07+-1.8110E-07i,-9.0864E-08+-1.9445E-07i,-1.1754E-07+-1.9604E-07i,-1.3116E-07+-1.7882E-07i,-1.3558E-07+-1.6248E-07i,-1.5649E-07+-1.6037E-07i,-1.7518E-07+-1.6768E-07i,-1.7051E-07+-1.6036E-07i,-1.8797E-07+-1.2404E-07i,
-3.1704E-08+-1.5460E-07i,-2.2740E-08+-1.4399E-07i,-5.2725E-08+-1.3455E-07i,-7.8930E-08+-1.1235E-07i,-9.5763E-08+-8.8794E-08i,-1.2698E-07+-7.7218E-08i,-1.6211E-07+-8.0513E-08i,-1.7390E-07+-7.9008E-08i,-1.9212E-07+-4.5970E-08i,
3.5159E-08+-1.2212E-07i,4.0376E-08+-9.0324E-08i,9.0187E-09+-7.1374E-08i,-2.7192E-08+-4.5852E-08i,-5.4385E-08+-1.7033E-08i,-9.3259E-08+2.5093E-09i,-1.4141E-07+3.0413E-09i,-1.6752E-07+-8.1369E-10i,-1.8544E-07+2.7441E-08i,
9.0995E-08+-8.6407E-08i,9.2640E-08+-3.8198E-08i,6.2025E-08+-1.2171E-08i,1.9367E-08+1.4659E-08i,-1.5137E-08+4.6269E-08i,-5.8260E-08+7.1517E-08i,-1.1474E-07+7.5336E-08i,-1.5166E-07+6.7069E-08i,-1.6820E-07+8.9432E-08i,
1.3112E-07+-5.0067E-08i,1.2965E-07+8.3568E-09i,1.0192E-07+3.8399E-08i,5.7000E-08+6.4345E-08i,1.8910E-08+9.5963E-08i,-2.4594E-08+1.2413E-07i,-8.3887E-08+1.3043E-07i,-1.2715E-07+1.1907E-07i,-1.4133E-07+1.3484E-07i,
1.5277E-07+-1.5317E-08i,1.4884E-07+4.6372E-08i,1.2599E-07+7.7063E-08i,8.3223E-08+9.9946E-08i,4.5564E-08+1.2873E-07i,5.6445E-09+1.5681E-07i,-5.0674E-08+1.6460E-07i,-9.5335E-08+1.5169E-07i,-1.0627E-07+1.6055E-07i,
1.5530E-07+1.6137E-08i,1.4966E-07+7.4143E-08i,1.3342E-07+1.0216E-07i,9.6992E-08+1.2001E-07i,6.3663E-08+1.4334E-07i,3.1020E-08+1.6839E-07i,-1.6823E-08+1.7664E-07i,-5.7990E-08+1.6375E-07i,-6.4987E-08+1.6575E-07i,
1.4016E-07+4.3175E-08i,1.3360E-07+9.1282E-08i,1.2523E-07+1.1370E-07i,9.8719E-08+1.2492E-07i,7.3108E-08+1.4063E-07i,5.0809E-08+1.6007E-07i,1.6119E-08+1.6783E-07i,-1.7216E-08+1.5641E-07i,-1.9816E-08+1.5189E-07i,
1.1068E-07+6.5266E-08i,1.0388E-07+9.8629E-08i,1.0414E-07+1.1321E-07i,9.0136E-08+1.1674E-07i,7.4782E-08+1.2331E-07i,6.4977E-08+1.3523E-07i,4.6834E-08+1.4169E-07i,2.4673E-08+1.3290E-07i,2.6668E-08+1.2244E-07i,
